<?xml version='1.0' encoding='UTF-8' ?>
<testsuite name="ch.threema.app.webclient.converter.MsgpackTest" tests="1" failures="0" errors="0" skipped="0" time="3.232" timestamp="2023-03-28T13:12:25" hostname="localhost">
  <properties>
    <property name="device" value="POCO F1 - 10" />
    <property name="flavor" value="noneDebugAndroidTest" />
    <property name="project" value="app" />
  </properties>
  <testcase name="testPutString" classname="ch.threema.app.webclient.converter.MsgpackTest" time="0.051" />
</testsuite>