<?xml version='1.0' encoding='UTF-8' ?>
<testsuite name="com.github.pockethub.android.tests.NewsEventTextTest" tests="1" failures="0" errors="0" skipped="0" time="2.193" timestamp="2023-03-27T17:23:58" hostname="localhost">
  <properties>
    <property name="device" value="POCO F1 - 10" />
    <property name="flavor" value="" />
    <property name="project" value="app" />
  </properties>
  <testcase name="testTeamAdd" classname="com.github.pockethub.android.tests.NewsEventTextTest" time="0.329" />
</testsuite>